[0m[[0m[0mdebug[0m] [0m[0m> Exec(test, Some(d24a89f6-3c4f-4b49-a0c4-93f6fcbdda67), Some(CommandSource(console0)))[0m
[0m[[0m[0mdebug[0m] [0m[0mEvaluating tasks: Test / test[0m
[0m[[0m[0mdebug[0m] [0m[0mRunning task... Cancel: Signal, check cycles: false, forcegc: true[0m
[0m[[0m[0minfo[0m] [0m[0mcompiling 1 Scala source to /Users/brenteritou/Downloads/akka-basics-for-scala/exercises/scala/003_child_actor/target/scala-2.13/classes ...[0m
[0m[[0m[0minfo[0m] [0m[0m[32mCoffeeMachineTests:[0m[0m
[0m[[0m[0minfo[0m] [0m[0m[32mCoffeeMachine[0m[0m
[0m[[0m[0minfo[0m] [0m[0m[32m- should transition from IDLE to Brewing on receiving BrewCoffee message[0m[0m
[0m[[0m[0minfo[0m] [0m[0m[32m- should transition between its states along the full cycle[0m[0m
[0m[[0m[0minfo[0m] [0m[0m[32m- should be able to start a new cycle after completing one[0m[0m
[0m[[0m[0minfo[0m] [0m[0m[32mBaristaTests:[0m[0m
[0m[[0m[0minfo[0m] [0m[0m[32mBarista[0m[0m
[0m[[0m[0minfo[0m] [0m[0m[32m- should log receiving order[0m[0m
[0m[[0m[0minfo[0m] [0m[0m[32m- should spawn a child actor CoffeeMachine with as actor name 'coffee-machine'[0m[0m
[0m[[0m[0minfo[0m] [0m[0m[36mRun completed in 40 seconds, 491 milliseconds.[0m[0m
[0m[[0m[0minfo[0m] [0m[0m[36mTotal number of tests run: 5[0m[0m
[0m[[0m[0minfo[0m] [0m[0m[36mSuites: completed 2, aborted 0[0m[0m
[0m[[0m[0minfo[0m] [0m[0m[36mTests: succeeded 5, failed 0, canceled 0, ignored 0, pending 0[0m[0m
[0m[[0m[0minfo[0m] [0m[0m[32mAll tests passed.[0m[0m
[0m[[0m[32msuccess[0m] [0m[0mTotal time: 41 s, completed Jun. 5, 2024, 2:06:40 p.m.[0m
[0m[[0m[0mdebug[0m] [0m[0m> Exec(shell, None, None)[0m
[0m[[0m[0mdebug[0m] [0m[0mForcing garbage collection...[0m
